<?xml version="1.0" encoding="UTF-8"?>
<!-- Generated by org.testng.reporters.JUnitReportReporter -->
<testsuite skipped="0" hostname="DESKTOP-5AOILBV" name="com.training.sanity.tests.MediumTestCase3" tests="1" failures="0" timestamp="01 Aug 2019 15:16:47 GMT" time="51.001" errors="0">
  <testcase name="mediumOrderTest" time="51.001" classname="com.training.sanity.tests.MediumTestCase3"/>
</testsuite> <!-- com.training.sanity.tests.MediumTestCase3 -->
