<?xml version="1.0" encoding="UTF-8"?>
<!-- Generated by org.testng.reporters.JUnitReportReporter -->
<testsuite skipped="0" hostname="DESKTOP-5AOILBV" name="com.training.sanity.tests.MediumTestCase2" tests="1" failures="0" timestamp="01 Aug 2019 15:15:17 GMT" time="32.659" errors="0">
  <testcase name="mediumProductTest" time="32.659" classname="com.training.sanity.tests.MediumTestCase2"/>
</testsuite> <!-- com.training.sanity.tests.MediumTestCase2 -->
