<?xml version="1.0" encoding="UTF-8"?>
<!-- Generated by org.testng.reporters.JUnitReportReporter -->
<testsuite skipped="0" hostname="DESKTOP-5AOILBV" name="com.training.sanity.tests.SimpleTestCase" tests="3" failures="0" timestamp="31 Jul 2019 11:52:41 GMT" time="56.803" errors="0">
  <testcase name="simplePassTest" time="18.602" classname="com.training.sanity.tests.SimpleTestCase"/>
  <testcase name="simpleLoginTest" time="17.092" classname="com.training.sanity.tests.SimpleTestCase"/>
  <testcase name="simplePasswordRecoverTest" time="21.109" classname="com.training.sanity.tests.SimpleTestCase"/>
</testsuite> <!-- com.training.sanity.tests.SimpleTestCase -->
