<?xml version="1.0" encoding="UTF-8"?>
<!-- Generated by org.testng.reporters.JUnitReportReporter -->
<testsuite skipped="0" hostname="DESKTOP-5AOILBV" name="com.training.sanity.tests.MediumTestCase" tests="1" failures="0" timestamp="30 Jul 2019 06:59:17 GMT" time="30.298" errors="0">
  <testcase name="mediumOrderTest" time="30.298" classname="com.training.sanity.tests.MediumTestCase"/>
</testsuite> <!-- com.training.sanity.tests.MediumTestCase -->
