<?xml version="1.0" encoding="UTF-8"?>
<!-- Generated by org.testng.reporters.JUnitReportReporter -->
<testsuite skipped="1" hostname="DESKTOP-5AOILBV" name="com.training.sanity.tests.SimpleTestCase" tests="3" failures="0" timestamp="11 Aug 2019 13:14:31 GMT" time="94.543" errors="0">
  <testcase name="simplePassTest" time="25.433" classname="com.training.sanity.tests.SimpleTestCase"/>
  <testcase name="simpleLoginTest" time="69.110" classname="com.training.sanity.tests.SimpleTestCase"/>
  <testcase name="simplePasswordRecoverTest" classname="com.training.sanity.tests.SimpleTestCase">
    <skipped/>
  </testcase> <!-- simplePasswordRecoverTest -->
</testsuite> <!-- com.training.sanity.tests.SimpleTestCase -->
